<?xml version="1.0" encoding="UTF-8"?>
<!-- Generated by org.testng.reporters.JUnitReportReporter -->
<testsuite hostname="LAPTOP-RUT4MC3I" failures="0" tests="1" name="org.Filpkart.sample_Filpkart" time="14.718" errors="0" timestamp="2023-05-23T13:56:22 IST" skipped="0">
  <testcase classname="org.Filpkart.sample_Filpkart" name="start" time="14.718"/>
  <system-out/>
</testsuite> <!-- org.Filpkart.sample_Filpkart -->
